[0.016s] Invoking command in '/home/varad/roslab_ese/build/tutorial_interfaces': CMAKE_PREFIX_PATH=${CMAKE_PREFIX_PATH}:/home/varad/roslab_ese/install/turtle_border:/home/varad/roslab_ese/install/custom_msg_p_s:/home/varad/ros2_ws_varad/install/varad_task1:/home/varad/ros2_ws_varad/install/publisher_pkg:/home/varad/ros2_ws_varad/install/custom_service_msg:/home/varad/ros2_ws_varad/install/setpen_service:/home/varad/ros2_ws_varad/install/roslab:/home/varad/ros2_ws_varad/install/exp3:/home/varad/ros2_ws_varad/install/custom_pubsub:/home/varad/ros2_ws_varad/install/client_pkg:/home/varad/ros2_ws_varad/install/action_fibonacci:/opt/ros/foxy /usr/bin/cmake /home/varad/roslab_ese/src/tutorial_interfaces -DCMAKE_INSTALL_PREFIX=/home/varad/roslab_ese/install/tutorial_interfaces
[0.072s] -- The C compiler identification is GNU 9.4.0
[0.117s] -- The CXX compiler identification is GNU 9.4.0
[0.121s] -- Check for working C compiler: /usr/bin/cc
[0.190s] -- Check for working C compiler: /usr/bin/cc -- works
[0.192s] -- Detecting C compiler ABI info
[0.265s] -- Detecting C compiler ABI info - done
[0.271s] -- Detecting C compile features
[0.273s] -- Detecting C compile features - done
[0.274s] -- Check for working CXX compiler: /usr/bin/c++
[0.345s] -- Check for working CXX compiler: /usr/bin/c++ -- works
[0.345s] -- Detecting CXX compiler ABI info
[0.417s] -- Detecting CXX compiler ABI info - done
[0.425s] -- Detecting CXX compile features
[0.425s] -- Detecting CXX compile features - done
[0.430s] -- Found ament_cmake: 0.9.12 (/opt/ros/foxy/share/ament_cmake/cmake)
[0.452s] -- Found PythonInterp: /usr/bin/python3 (found suitable version "3.8.10", minimum required is "3") 
[0.452s] -- Using PYTHON_EXECUTABLE: /usr/bin/python3
[0.603s] -- Found geometry_msgs: 2.0.5 (/opt/ros/foxy/share/geometry_msgs/cmake)
[0.631s] -- Using all available rosidl_typesupport_c: rosidl_typesupport_fastrtps_c;rosidl_typesupport_introspection_c
[0.637s] -- Found rosidl_adapter: 1.3.1 (/opt/ros/foxy/share/rosidl_adapter/cmake)
[0.707s] -- Found OpenSSL: /usr/lib/x86_64-linux-gnu/libcrypto.so (found version "1.1.1f")  
[0.729s] -- Found FastRTPS: /opt/ros/foxy/include  
[0.787s] -- Using all available rosidl_typesupport_cpp: rosidl_typesupport_fastrtps_cpp;rosidl_typesupport_introspection_cpp
[0.847s] -- Found rosidl_default_generators: 1.0.1 (/opt/ros/foxy/share/rosidl_default_generators/cmake)
[0.878s] -- Found PythonInterp: /usr/bin/python3 (found version "3.8.10") 
[1.016s] -- Found ament_cmake_ros: 0.9.2 (/opt/ros/foxy/share/ament_cmake_ros/cmake)
[1.176s] -- Using all available rosidl_typesupport_c: rosidl_typesupport_fastrtps_c;rosidl_typesupport_introspection_c
[1.247s] -- Using all available rosidl_typesupport_cpp: rosidl_typesupport_fastrtps_cpp;rosidl_typesupport_introspection_cpp
[1.270s] -- Found PythonInterp: /usr/bin/python3 (found suitable version "3.8.10", minimum required is "3.5") 
[1.271s] -- Found python_cmake_module: 0.8.1 (/opt/ros/foxy/share/python_cmake_module/cmake)
[1.294s] -- Found PythonLibs: /usr/lib/x86_64-linux-gnu/libpython3.8.so (found suitable version "3.8.10", minimum required is "3.5") 
[1.294s] -- Using PYTHON_EXECUTABLE: /usr/bin/python3
[1.294s] -- Using PYTHON_INCLUDE_DIRS: /usr/include/python3.8
[1.294s] -- Using PYTHON_LIBRARIES: /usr/lib/x86_64-linux-gnu/libpython3.8.so
[1.310s] -- Found PythonExtra: .so  
[1.371s] -- Found ament_lint_auto: 0.9.8 (/opt/ros/foxy/share/ament_lint_auto/cmake)
[1.389s] -- Added test 'copyright' to check source files copyright and LICENSE
[1.390s] -- Added test 'lint_cmake' to check CMake code style
[1.391s] -- Added test 'xmllint' to check XML markup files
[1.394s] -- Configuring done
[1.428s] -- Generating done
[1.440s] -- Build files have been written to: /home/varad/roslab_ese/build/tutorial_interfaces
[1.452s] Invoked command in '/home/varad/roslab_ese/build/tutorial_interfaces' returned '0': CMAKE_PREFIX_PATH=${CMAKE_PREFIX_PATH}:/home/varad/roslab_ese/install/turtle_border:/home/varad/roslab_ese/install/custom_msg_p_s:/home/varad/ros2_ws_varad/install/varad_task1:/home/varad/ros2_ws_varad/install/publisher_pkg:/home/varad/ros2_ws_varad/install/custom_service_msg:/home/varad/ros2_ws_varad/install/setpen_service:/home/varad/ros2_ws_varad/install/roslab:/home/varad/ros2_ws_varad/install/exp3:/home/varad/ros2_ws_varad/install/custom_pubsub:/home/varad/ros2_ws_varad/install/client_pkg:/home/varad/ros2_ws_varad/install/action_fibonacci:/opt/ros/foxy /usr/bin/cmake /home/varad/roslab_ese/src/tutorial_interfaces -DCMAKE_INSTALL_PREFIX=/home/varad/roslab_ese/install/tutorial_interfaces
[1.453s] Invoking command in '/home/varad/roslab_ese/build/tutorial_interfaces': CMAKE_PREFIX_PATH=${CMAKE_PREFIX_PATH}:/home/varad/roslab_ese/install/turtle_border:/home/varad/roslab_ese/install/custom_msg_p_s:/home/varad/ros2_ws_varad/install/varad_task1:/home/varad/ros2_ws_varad/install/publisher_pkg:/home/varad/ros2_ws_varad/install/custom_service_msg:/home/varad/ros2_ws_varad/install/setpen_service:/home/varad/ros2_ws_varad/install/roslab:/home/varad/ros2_ws_varad/install/exp3:/home/varad/ros2_ws_varad/install/custom_pubsub:/home/varad/ros2_ws_varad/install/client_pkg:/home/varad/ros2_ws_varad/install/action_fibonacci:/opt/ros/foxy /usr/bin/cmake --build /home/varad/roslab_ese/build/tutorial_interfaces -- -j9 -l9
[1.492s] [35m[1mScanning dependencies of target tutorial_interfaces__cpp[0m
[1.493s] [  1%] [34m[1mGenerating C code for ROS interfaces[0m
[1.507s] [  3%] [34m[1mGenerating C++ code for ROS interfaces[0m
[1.810s] [35m[1mScanning dependencies of target tutorial_interfaces__rosidl_generator_c[0m
[1.817s] [  3%] Built target tutorial_interfaces__cpp
[1.823s] [  5%] [32mBuilding C object CMakeFiles/tutorial_interfaces__rosidl_generator_c.dir/rosidl_generator_c/tutorial_interfaces/msg/detail/num__functions.c.o[0m
[1.824s] [  7%] [32mBuilding C object CMakeFiles/tutorial_interfaces__rosidl_generator_c.dir/rosidl_generator_c/tutorial_interfaces/msg/detail/sphere__functions.c.o[0m
[1.825s] [  9%] [32mBuilding C object CMakeFiles/tutorial_interfaces__rosidl_generator_c.dir/rosidl_generator_c/tutorial_interfaces/srv/detail/set_velocity_turtle__functions.c.o[0m
[1.825s] [ 10%] [32mBuilding C object CMakeFiles/tutorial_interfaces__rosidl_generator_c.dir/rosidl_generator_c/tutorial_interfaces/srv/detail/add_three_ints__functions.c.o[0m
[1.830s] [ 12%] [34m[1mGenerating C++ type support for eProsima Fast-RTPS[0m
[1.830s] [ 14%] [34m[1mGenerating C++ type support dispatch for ROS interfaces[0m
[1.837s] [ 16%] [34m[1mGenerating C++ introspection for ROS interfaces[0m
[1.885s] [ 18%] [32m[1mLinking C shared library libtutorial_interfaces__rosidl_generator_c.so[0m
[1.922s] [ 18%] Built target tutorial_interfaces__rosidl_generator_c
[1.936s] [ 20%] [34m[1mGenerating C type support dispatch for ROS interfaces[0m
[1.937s] [ 21%] [34m[1mGenerating C introspection for ROS interfaces[0m
[2.042s] [35m[1mScanning dependencies of target tutorial_interfaces__rosidl_typesupport_cpp[0m
[2.072s] [ 23%] [32mBuilding CXX object CMakeFiles/tutorial_interfaces__rosidl_typesupport_cpp.dir/rosidl_typesupport_cpp/tutorial_interfaces/msg/num__type_support.cpp.o[0m
[2.073s] [ 25%] [32mBuilding CXX object CMakeFiles/tutorial_interfaces__rosidl_typesupport_cpp.dir/rosidl_typesupport_cpp/tutorial_interfaces/srv/add_three_ints__type_support.cpp.o[0m
[2.081s] [ 27%] [32mBuilding CXX object CMakeFiles/tutorial_interfaces__rosidl_typesupport_cpp.dir/rosidl_typesupport_cpp/tutorial_interfaces/srv/set_velocity_turtle__type_support.cpp.o[0m
[2.081s] [ 29%] [32mBuilding CXX object CMakeFiles/tutorial_interfaces__rosidl_typesupport_cpp.dir/rosidl_typesupport_cpp/tutorial_interfaces/msg/sphere__type_support.cpp.o[0m
[2.104s] [35m[1mScanning dependencies of target tutorial_interfaces__rosidl_typesupport_introspection_cpp[0m
[2.117s] [ 30%] [32mBuilding CXX object CMakeFiles/tutorial_interfaces__rosidl_typesupport_introspection_cpp.dir/rosidl_typesupport_introspection_cpp/tutorial_interfaces/msg/detail/num__type_support.cpp.o[0m
[2.138s] [35m[1mScanning dependencies of target tutorial_interfaces__rosidl_typesupport_fastrtps_cpp[0m
[2.145s] [ 32%] [32mBuilding CXX object CMakeFiles/tutorial_interfaces__rosidl_typesupport_introspection_cpp.dir/rosidl_typesupport_introspection_cpp/tutorial_interfaces/msg/detail/sphere__type_support.cpp.o[0m
[2.160s] [ 34%] [32mBuilding CXX object CMakeFiles/tutorial_interfaces__rosidl_typesupport_fastrtps_cpp.dir/rosidl_typesupport_fastrtps_cpp/tutorial_interfaces/msg/detail/dds_fastrtps/num__type_support.cpp.o[0m
[2.177s] [35m[1mScanning dependencies of target tutorial_interfaces__rosidl_typesupport_c[0m
[2.211s] [ 36%] [32mBuilding CXX object CMakeFiles/tutorial_interfaces__rosidl_typesupport_c.dir/rosidl_typesupport_c/tutorial_interfaces/msg/num__type_support.cpp.o[0m
[2.268s] [ 38%] [32mBuilding CXX object CMakeFiles/tutorial_interfaces__rosidl_typesupport_c.dir/rosidl_typesupport_c/tutorial_interfaces/msg/sphere__type_support.cpp.o[0m
[2.298s] [35m[1mScanning dependencies of target tutorial_interfaces__rosidl_typesupport_introspection_c[0m
[2.299s] [ 40%] [32mBuilding CXX object CMakeFiles/tutorial_interfaces__rosidl_typesupport_introspection_cpp.dir/rosidl_typesupport_introspection_cpp/tutorial_interfaces/srv/detail/add_three_ints__type_support.cpp.o[0m
[2.301s] [ 41%] [32mBuilding CXX object CMakeFiles/tutorial_interfaces__rosidl_typesupport_introspection_cpp.dir/rosidl_typesupport_introspection_cpp/tutorial_interfaces/srv/detail/set_velocity_turtle__type_support.cpp.o[0m
[2.319s] [ 43%] [32mBuilding CXX object CMakeFiles/tutorial_interfaces__rosidl_typesupport_c.dir/rosidl_typesupport_c/tutorial_interfaces/srv/add_three_ints__type_support.cpp.o[0m
[2.319s] [ 45%] [32mBuilding CXX object CMakeFiles/tutorial_interfaces__rosidl_typesupport_c.dir/rosidl_typesupport_c/tutorial_interfaces/srv/set_velocity_turtle__type_support.cpp.o[0m
[2.319s] [ 47%] [32mBuilding C object CMakeFiles/tutorial_interfaces__rosidl_typesupport_introspection_c.dir/rosidl_typesupport_introspection_c/tutorial_interfaces/msg/detail/num__type_support.c.o[0m
[2.336s] [ 49%] [32m[1mLinking CXX shared library libtutorial_interfaces__rosidl_typesupport_cpp.so[0m
[2.364s] [ 50%] [32mBuilding C object CMakeFiles/tutorial_interfaces__rosidl_typesupport_introspection_c.dir/rosidl_typesupport_introspection_c/tutorial_interfaces/msg/detail/sphere__type_support.c.o[0m
[2.366s] [ 52%] [32mBuilding C object CMakeFiles/tutorial_interfaces__rosidl_typesupport_introspection_c.dir/rosidl_typesupport_introspection_c/tutorial_interfaces/srv/detail/add_three_ints__type_support.c.o[0m
[2.371s] [ 54%] [32m[1mLinking CXX shared library libtutorial_interfaces__rosidl_typesupport_c.so[0m
[2.378s] [ 54%] Built target tutorial_interfaces__rosidl_typesupport_cpp
[2.399s] [ 56%] [32mBuilding CXX object CMakeFiles/tutorial_interfaces__rosidl_typesupport_fastrtps_cpp.dir/rosidl_typesupport_fastrtps_cpp/tutorial_interfaces/msg/detail/dds_fastrtps/sphere__type_support.cpp.o[0m
[2.401s] [ 58%] [32mBuilding C object CMakeFiles/tutorial_interfaces__rosidl_typesupport_introspection_c.dir/rosidl_typesupport_introspection_c/tutorial_interfaces/srv/detail/set_velocity_turtle__type_support.c.o[0m
[2.405s] [ 60%] [32mBuilding CXX object CMakeFiles/tutorial_interfaces__rosidl_typesupport_fastrtps_cpp.dir/rosidl_typesupport_fastrtps_cpp/tutorial_interfaces/srv/detail/dds_fastrtps/add_three_ints__type_support.cpp.o[0m
[2.422s] [ 60%] Built target tutorial_interfaces__rosidl_typesupport_c
[2.424s] [ 61%] [32mBuilding CXX object CMakeFiles/tutorial_interfaces__rosidl_typesupport_fastrtps_cpp.dir/rosidl_typesupport_fastrtps_cpp/tutorial_interfaces/srv/detail/dds_fastrtps/set_velocity_turtle__type_support.cpp.o[0m
[2.440s] [ 63%] [32m[1mLinking C shared library libtutorial_interfaces__rosidl_typesupport_introspection_c.so[0m
[2.478s] [ 63%] Built target tutorial_interfaces__rosidl_typesupport_introspection_c
[2.537s] [ 65%] [32m[1mLinking CXX shared library libtutorial_interfaces__rosidl_typesupport_introspection_cpp.so[0m
[2.592s] [ 65%] Built target tutorial_interfaces__rosidl_typesupport_introspection_cpp
[2.714s] [ 67%] [32m[1mLinking CXX shared library libtutorial_interfaces__rosidl_typesupport_fastrtps_cpp.so[0m
[2.778s] [ 67%] Built target tutorial_interfaces__rosidl_typesupport_fastrtps_cpp
[2.787s] [ 69%] [34m[1mGenerating C type support for eProsima Fast-RTPS[0m
[3.003s] [35m[1mScanning dependencies of target tutorial_interfaces__rosidl_typesupport_fastrtps_c[0m
[3.021s] [ 70%] [32mBuilding CXX object CMakeFiles/tutorial_interfaces__rosidl_typesupport_fastrtps_c.dir/rosidl_typesupport_fastrtps_c/tutorial_interfaces/msg/detail/num__type_support_c.cpp.o[0m
[3.022s] [ 72%] [32mBuilding CXX object CMakeFiles/tutorial_interfaces__rosidl_typesupport_fastrtps_c.dir/rosidl_typesupport_fastrtps_c/tutorial_interfaces/msg/detail/sphere__type_support_c.cpp.o[0m
[3.022s] [ 74%] [32mBuilding CXX object CMakeFiles/tutorial_interfaces__rosidl_typesupport_fastrtps_c.dir/rosidl_typesupport_fastrtps_c/tutorial_interfaces/srv/detail/set_velocity_turtle__type_support_c.cpp.o[0m
[3.029s] [ 76%] [32mBuilding CXX object CMakeFiles/tutorial_interfaces__rosidl_typesupport_fastrtps_c.dir/rosidl_typesupport_fastrtps_c/tutorial_interfaces/srv/detail/add_three_ints__type_support_c.cpp.o[0m
[3.258s] [ 78%] [32m[1mLinking CXX shared library libtutorial_interfaces__rosidl_typesupport_fastrtps_c.so[0m
[3.323s] [ 78%] Built target tutorial_interfaces__rosidl_typesupport_fastrtps_c
[3.334s] [35m[1mScanning dependencies of target tutorial_interfaces[0m
[3.346s] [ 78%] Built target tutorial_interfaces
[3.356s] [35m[1mScanning dependencies of target tutorial_interfaces__py[0m
[3.365s] [ 80%] [34m[1mGenerating Python code for ROS interfaces[0m
[3.810s] [ 80%] Built target tutorial_interfaces__py
[3.822s] [35m[1mScanning dependencies of target tutorial_interfaces__python[0m
[3.849s] [ 81%] [32mBuilding C object CMakeFiles/tutorial_interfaces__python.dir/rosidl_generator_py/tutorial_interfaces/msg/_num_s.c.o[0m
[3.849s] [ 83%] [32mBuilding C object CMakeFiles/tutorial_interfaces__python.dir/rosidl_generator_py/tutorial_interfaces/srv/_add_three_ints_s.c.o[0m
[3.850s] [ 85%] [32mBuilding C object CMakeFiles/tutorial_interfaces__python.dir/rosidl_generator_py/tutorial_interfaces/msg/_sphere_s.c.o[0m
[3.850s] [ 87%] [32mBuilding C object CMakeFiles/tutorial_interfaces__python.dir/rosidl_generator_py/tutorial_interfaces/srv/_set_velocity_turtle_s.c.o[0m
[3.929s] [ 89%] [32m[1mLinking C shared library rosidl_generator_py/tutorial_interfaces/libtutorial_interfaces__python.so[0m
[3.977s] [ 89%] Built target tutorial_interfaces__python
[3.990s] [35m[1mScanning dependencies of target tutorial_interfaces__rosidl_typesupport_c__pyext[0m
[3.990s] [35m[1mScanning dependencies of target tutorial_interfaces__rosidl_typesupport_introspection_c__pyext[0m
[3.993s] [35m[1mScanning dependencies of target tutorial_interfaces__rosidl_typesupport_fastrtps_c__pyext[0m
[4.006s] [ 90%] [32mBuilding C object CMakeFiles/tutorial_interfaces__rosidl_typesupport_c__pyext.dir/rosidl_generator_py/tutorial_interfaces/_tutorial_interfaces_s.ep.rosidl_typesupport_c.c.o[0m
[4.009s] [ 92%] [32mBuilding C object CMakeFiles/tutorial_interfaces__rosidl_typesupport_introspection_c__pyext.dir/rosidl_generator_py/tutorial_interfaces/_tutorial_interfaces_s.ep.rosidl_typesupport_introspection_c.c.o[0m
[4.012s] [ 94%] [32mBuilding C object CMakeFiles/tutorial_interfaces__rosidl_typesupport_fastrtps_c__pyext.dir/rosidl_generator_py/tutorial_interfaces/_tutorial_interfaces_s.ep.rosidl_typesupport_fastrtps_c.c.o[0m
[4.085s] [ 96%] [32m[1mLinking C shared library rosidl_generator_py/tutorial_interfaces/tutorial_interfaces_s__rosidl_typesupport_c.cpython-38-x86_64-linux-gnu.so[0m
[4.091s] [ 98%] [32m[1mLinking CXX shared library rosidl_generator_py/tutorial_interfaces/tutorial_interfaces_s__rosidl_typesupport_fastrtps_c.cpython-38-x86_64-linux-gnu.so[0m
[4.091s] [100%] [32m[1mLinking C shared library rosidl_generator_py/tutorial_interfaces/tutorial_interfaces_s__rosidl_typesupport_introspection_c.cpython-38-x86_64-linux-gnu.so[0m
[4.128s] [100%] Built target tutorial_interfaces__rosidl_typesupport_c__pyext
[4.134s] [100%] Built target tutorial_interfaces__rosidl_typesupport_introspection_c__pyext
[4.154s] [100%] Built target tutorial_interfaces__rosidl_typesupport_fastrtps_c__pyext
[4.166s] Invoked command in '/home/varad/roslab_ese/build/tutorial_interfaces' returned '0': CMAKE_PREFIX_PATH=${CMAKE_PREFIX_PATH}:/home/varad/roslab_ese/install/turtle_border:/home/varad/roslab_ese/install/custom_msg_p_s:/home/varad/ros2_ws_varad/install/varad_task1:/home/varad/ros2_ws_varad/install/publisher_pkg:/home/varad/ros2_ws_varad/install/custom_service_msg:/home/varad/ros2_ws_varad/install/setpen_service:/home/varad/ros2_ws_varad/install/roslab:/home/varad/ros2_ws_varad/install/exp3:/home/varad/ros2_ws_varad/install/custom_pubsub:/home/varad/ros2_ws_varad/install/client_pkg:/home/varad/ros2_ws_varad/install/action_fibonacci:/opt/ros/foxy /usr/bin/cmake --build /home/varad/roslab_ese/build/tutorial_interfaces -- -j9 -l9
[4.180s] Invoking command in '/home/varad/roslab_ese/build/tutorial_interfaces': CMAKE_PREFIX_PATH=${CMAKE_PREFIX_PATH}:/home/varad/roslab_ese/install/turtle_border:/home/varad/roslab_ese/install/custom_msg_p_s:/home/varad/ros2_ws_varad/install/varad_task1:/home/varad/ros2_ws_varad/install/publisher_pkg:/home/varad/ros2_ws_varad/install/custom_service_msg:/home/varad/ros2_ws_varad/install/setpen_service:/home/varad/ros2_ws_varad/install/roslab:/home/varad/ros2_ws_varad/install/exp3:/home/varad/ros2_ws_varad/install/custom_pubsub:/home/varad/ros2_ws_varad/install/client_pkg:/home/varad/ros2_ws_varad/install/action_fibonacci:/opt/ros/foxy /usr/bin/cmake --install /home/varad/roslab_ese/build/tutorial_interfaces
[4.190s] -- Install configuration: ""
[4.190s] -- Installing: /home/varad/roslab_ese/install/tutorial_interfaces/share/ament_index/resource_index/rosidl_interfaces/tutorial_interfaces
[4.190s] -- Installing: /home/varad/roslab_ese/install/tutorial_interfaces/include/tutorial_interfaces
[4.190s] -- Installing: /home/varad/roslab_ese/install/tutorial_interfaces/include/tutorial_interfaces/srv
[4.190s] -- Installing: /home/varad/roslab_ese/install/tutorial_interfaces/include/tutorial_interfaces/srv/add_three_ints.h
[4.191s] -- Installing: /home/varad/roslab_ese/install/tutorial_interfaces/include/tutorial_interfaces/srv/detail
[4.192s] -- Installing: /home/varad/roslab_ese/install/tutorial_interfaces/include/tutorial_interfaces/srv/detail/set_velocity_turtle__type_support.h
[4.192s] -- Installing: /home/varad/roslab_ese/install/tutorial_interfaces/include/tutorial_interfaces/srv/detail/add_three_ints__functions.c
[4.192s] -- Installing: /home/varad/roslab_ese/install/tutorial_interfaces/include/tutorial_interfaces/srv/detail/set_velocity_turtle__functions.h
[4.192s] -- Installing: /home/varad/roslab_ese/install/tutorial_interfaces/include/tutorial_interfaces/srv/detail/set_velocity_turtle__struct.h
[4.193s] -- Installing: /home/varad/roslab_ese/install/tutorial_interfaces/include/tutorial_interfaces/srv/detail/set_velocity_turtle__functions.c
[4.193s] -- Installing: /home/varad/roslab_ese/install/tutorial_interfaces/include/tutorial_interfaces/srv/detail/add_three_ints__struct.h
[4.194s] -- Installing: /home/varad/roslab_ese/install/tutorial_interfaces/include/tutorial_interfaces/srv/detail/add_three_ints__functions.h
[4.194s] -- Installing: /home/varad/roslab_ese/install/tutorial_interfaces/include/tutorial_interfaces/srv/detail/add_three_ints__type_support.h
[4.194s] -- Installing: /home/varad/roslab_ese/install/tutorial_interfaces/include/tutorial_interfaces/srv/set_velocity_turtle.h
[4.194s] -- Installing: /home/varad/roslab_ese/install/tutorial_interfaces/include/tutorial_interfaces/msg
[4.194s] -- Installing: /home/varad/roslab_ese/install/tutorial_interfaces/include/tutorial_interfaces/msg/detail
[4.194s] -- Installing: /home/varad/roslab_ese/install/tutorial_interfaces/include/tutorial_interfaces/msg/detail/sphere__type_support.h
[4.195s] -- Installing: /home/varad/roslab_ese/install/tutorial_interfaces/include/tutorial_interfaces/msg/detail/num__struct.h
[4.195s] -- Installing: /home/varad/roslab_ese/install/tutorial_interfaces/include/tutorial_interfaces/msg/detail/num__functions.h
[4.195s] -- Installing: /home/varad/roslab_ese/install/tutorial_interfaces/include/tutorial_interfaces/msg/detail/sphere__functions.c
[4.195s] -- Installing: /home/varad/roslab_ese/install/tutorial_interfaces/include/tutorial_interfaces/msg/detail/sphere__struct.h
[4.196s] -- Installing: /home/varad/roslab_ese/install/tutorial_interfaces/include/tutorial_interfaces/msg/detail/num__type_support.h
[4.196s] -- Installing: /home/varad/roslab_ese/install/tutorial_interfaces/include/tutorial_interfaces/msg/detail/num__functions.c
[4.196s] -- Installing: /home/varad/roslab_ese/install/tutorial_interfaces/include/tutorial_interfaces/msg/detail/sphere__functions.h
[4.196s] -- Installing: /home/varad/roslab_ese/install/tutorial_interfaces/include/tutorial_interfaces/msg/sphere.h
[4.196s] -- Installing: /home/varad/roslab_ese/install/tutorial_interfaces/include/tutorial_interfaces/msg/num.h
[4.196s] -- Installing: /home/varad/roslab_ese/install/tutorial_interfaces/include/tutorial_interfaces/msg/rosidl_generator_c__visibility_control.h
[4.196s] -- Installing: /home/varad/roslab_ese/install/tutorial_interfaces/share/tutorial_interfaces/environment/library_path.sh
[4.196s] -- Installing: /home/varad/roslab_ese/install/tutorial_interfaces/share/tutorial_interfaces/environment/library_path.dsv
[4.196s] -- Installing: /home/varad/roslab_ese/install/tutorial_interfaces/lib/libtutorial_interfaces__rosidl_generator_c.so
[4.197s] -- Set runtime path of "/home/varad/roslab_ese/install/tutorial_interfaces/lib/libtutorial_interfaces__rosidl_generator_c.so" to ""
[4.197s] -- Up-to-date: /home/varad/roslab_ese/install/tutorial_interfaces/include/tutorial_interfaces
[4.197s] -- Up-to-date: /home/varad/roslab_ese/install/tutorial_interfaces/include/tutorial_interfaces/srv
[4.197s] -- Up-to-date: /home/varad/roslab_ese/install/tutorial_interfaces/include/tutorial_interfaces/srv/detail
[4.197s] -- Installing: /home/varad/roslab_ese/install/tutorial_interfaces/include/tutorial_interfaces/srv/detail/set_velocity_turtle__rosidl_typesupport_fastrtps_c.h
[4.197s] -- Installing: /home/varad/roslab_ese/install/tutorial_interfaces/include/tutorial_interfaces/srv/detail/add_three_ints__rosidl_typesupport_fastrtps_c.h
[4.197s] -- Up-to-date: /home/varad/roslab_ese/install/tutorial_interfaces/include/tutorial_interfaces/msg
[4.198s] -- Installing: /home/varad/roslab_ese/install/tutorial_interfaces/include/tutorial_interfaces/msg/rosidl_typesupport_fastrtps_c__visibility_control.h
[4.198s] -- Up-to-date: /home/varad/roslab_ese/install/tutorial_interfaces/include/tutorial_interfaces/msg/detail
[4.198s] -- Installing: /home/varad/roslab_ese/install/tutorial_interfaces/include/tutorial_interfaces/msg/detail/sphere__rosidl_typesupport_fastrtps_c.h
[4.198s] -- Installing: /home/varad/roslab_ese/install/tutorial_interfaces/include/tutorial_interfaces/msg/detail/num__rosidl_typesupport_fastrtps_c.h
[4.198s] -- Installing: /home/varad/roslab_ese/install/tutorial_interfaces/lib/libtutorial_interfaces__rosidl_typesupport_fastrtps_c.so
[4.198s] -- Set runtime path of "/home/varad/roslab_ese/install/tutorial_interfaces/lib/libtutorial_interfaces__rosidl_typesupport_fastrtps_c.so" to ""
[4.198s] -- Up-to-date: /home/varad/roslab_ese/install/tutorial_interfaces/include/tutorial_interfaces
[4.198s] -- Up-to-date: /home/varad/roslab_ese/install/tutorial_interfaces/include/tutorial_interfaces/srv
[4.199s] -- Up-to-date: /home/varad/roslab_ese/install/tutorial_interfaces/include/tutorial_interfaces/srv/detail
[4.199s] -- Installing: /home/varad/roslab_ese/install/tutorial_interfaces/include/tutorial_interfaces/srv/detail/set_velocity_turtle__rosidl_typesupport_fastrtps_cpp.hpp
[4.199s] -- Installing: /home/varad/roslab_ese/install/tutorial_interfaces/include/tutorial_interfaces/srv/detail/add_three_ints__rosidl_typesupport_fastrtps_cpp.hpp
[4.199s] -- Installing: /home/varad/roslab_ese/install/tutorial_interfaces/include/tutorial_interfaces/srv/detail/dds_fastrtps
[4.199s] -- Up-to-date: /home/varad/roslab_ese/install/tutorial_interfaces/include/tutorial_interfaces/msg
[4.199s] -- Up-to-date: /home/varad/roslab_ese/install/tutorial_interfaces/include/tutorial_interfaces/msg/detail
[4.199s] -- Installing: /home/varad/roslab_ese/install/tutorial_interfaces/include/tutorial_interfaces/msg/detail/sphere__rosidl_typesupport_fastrtps_cpp.hpp
[4.199s] -- Installing: /home/varad/roslab_ese/install/tutorial_interfaces/include/tutorial_interfaces/msg/detail/num__rosidl_typesupport_fastrtps_cpp.hpp
[4.199s] -- Installing: /home/varad/roslab_ese/install/tutorial_interfaces/include/tutorial_interfaces/msg/detail/dds_fastrtps
[4.200s] -- Installing: /home/varad/roslab_ese/install/tutorial_interfaces/include/tutorial_interfaces/msg/rosidl_typesupport_fastrtps_cpp__visibility_control.h
[4.200s] -- Installing: /home/varad/roslab_ese/install/tutorial_interfaces/lib/libtutorial_interfaces__rosidl_typesupport_fastrtps_cpp.so
[4.200s] -- Set runtime path of "/home/varad/roslab_ese/install/tutorial_interfaces/lib/libtutorial_interfaces__rosidl_typesupport_fastrtps_cpp.so" to ""
[4.200s] -- Up-to-date: /home/varad/roslab_ese/install/tutorial_interfaces/include/tutorial_interfaces
[4.200s] -- Up-to-date: /home/varad/roslab_ese/install/tutorial_interfaces/include/tutorial_interfaces/srv
[4.200s] -- Up-to-date: /home/varad/roslab_ese/install/tutorial_interfaces/include/tutorial_interfaces/srv/detail
[4.200s] -- Installing: /home/varad/roslab_ese/install/tutorial_interfaces/include/tutorial_interfaces/srv/detail/set_velocity_turtle__type_support.c
[4.200s] -- Installing: /home/varad/roslab_ese/install/tutorial_interfaces/include/tutorial_interfaces/srv/detail/set_velocity_turtle__rosidl_typesupport_introspection_c.h
[4.200s] -- Installing: /home/varad/roslab_ese/install/tutorial_interfaces/include/tutorial_interfaces/srv/detail/add_three_ints__rosidl_typesupport_introspection_c.h
[4.200s] -- Installing: /home/varad/roslab_ese/install/tutorial_interfaces/include/tutorial_interfaces/srv/detail/add_three_ints__type_support.c
[4.200s] -- Up-to-date: /home/varad/roslab_ese/install/tutorial_interfaces/include/tutorial_interfaces/msg
[4.200s] -- Up-to-date: /home/varad/roslab_ese/install/tutorial_interfaces/include/tutorial_interfaces/msg/detail
[4.201s] -- Installing: /home/varad/roslab_ese/install/tutorial_interfaces/include/tutorial_interfaces/msg/detail/num__rosidl_typesupport_introspection_c.h
[4.201s] -- Installing: /home/varad/roslab_ese/install/tutorial_interfaces/include/tutorial_interfaces/msg/detail/sphere__rosidl_typesupport_introspection_c.h
[4.201s] -- Installing: /home/varad/roslab_ese/install/tutorial_interfaces/include/tutorial_interfaces/msg/detail/num__type_support.c
[4.201s] -- Installing: /home/varad/roslab_ese/install/tutorial_interfaces/include/tutorial_interfaces/msg/detail/sphere__type_support.c
[4.201s] -- Installing: /home/varad/roslab_ese/install/tutorial_interfaces/include/tutorial_interfaces/msg/rosidl_typesupport_introspection_c__visibility_control.h
[4.201s] -- Installing: /home/varad/roslab_ese/install/tutorial_interfaces/lib/libtutorial_interfaces__rosidl_typesupport_introspection_c.so
[4.201s] -- Set runtime path of "/home/varad/roslab_ese/install/tutorial_interfaces/lib/libtutorial_interfaces__rosidl_typesupport_introspection_c.so" to ""
[4.201s] -- Installing: /home/varad/roslab_ese/install/tutorial_interfaces/lib/libtutorial_interfaces__rosidl_typesupport_c.so
[4.201s] -- Set runtime path of "/home/varad/roslab_ese/install/tutorial_interfaces/lib/libtutorial_interfaces__rosidl_typesupport_c.so" to ""
[4.201s] -- Up-to-date: /home/varad/roslab_ese/install/tutorial_interfaces/include/tutorial_interfaces
[4.201s] -- Up-to-date: /home/varad/roslab_ese/install/tutorial_interfaces/include/tutorial_interfaces/srv
[4.202s] -- Up-to-date: /home/varad/roslab_ese/install/tutorial_interfaces/include/tutorial_interfaces/srv/detail
[4.202s] -- Installing: /home/varad/roslab_ese/install/tutorial_interfaces/include/tutorial_interfaces/srv/detail/add_three_ints__struct.hpp
[4.202s] -- Installing: /home/varad/roslab_ese/install/tutorial_interfaces/include/tutorial_interfaces/srv/detail/add_three_ints__type_support.hpp
[4.202s] -- Installing: /home/varad/roslab_ese/install/tutorial_interfaces/include/tutorial_interfaces/srv/detail/set_velocity_turtle__struct.hpp
[4.202s] -- Installing: /home/varad/roslab_ese/install/tutorial_interfaces/include/tutorial_interfaces/srv/detail/set_velocity_turtle__traits.hpp
[4.202s] -- Installing: /home/varad/roslab_ese/install/tutorial_interfaces/include/tutorial_interfaces/srv/detail/set_velocity_turtle__builder.hpp
[4.202s] -- Installing: /home/varad/roslab_ese/install/tutorial_interfaces/include/tutorial_interfaces/srv/detail/add_three_ints__traits.hpp
[4.202s] -- Installing: /home/varad/roslab_ese/install/tutorial_interfaces/include/tutorial_interfaces/srv/detail/add_three_ints__builder.hpp
[4.202s] -- Installing: /home/varad/roslab_ese/install/tutorial_interfaces/include/tutorial_interfaces/srv/detail/set_velocity_turtle__type_support.hpp
[4.202s] -- Installing: /home/varad/roslab_ese/install/tutorial_interfaces/include/tutorial_interfaces/srv/add_three_ints.hpp
[4.202s] -- Installing: /home/varad/roslab_ese/install/tutorial_interfaces/include/tutorial_interfaces/srv/set_velocity_turtle.hpp
[4.202s] -- Up-to-date: /home/varad/roslab_ese/install/tutorial_interfaces/include/tutorial_interfaces/msg
[4.203s] -- Installing: /home/varad/roslab_ese/install/tutorial_interfaces/include/tutorial_interfaces/msg/rosidl_generator_cpp__visibility_control.hpp
[4.203s] -- Installing: /home/varad/roslab_ese/install/tutorial_interfaces/include/tutorial_interfaces/msg/sphere.hpp
[4.203s] -- Up-to-date: /home/varad/roslab_ese/install/tutorial_interfaces/include/tutorial_interfaces/msg/detail
[4.203s] -- Installing: /home/varad/roslab_ese/install/tutorial_interfaces/include/tutorial_interfaces/msg/detail/num__struct.hpp
[4.203s] -- Installing: /home/varad/roslab_ese/install/tutorial_interfaces/include/tutorial_interfaces/msg/detail/num__type_support.hpp
[4.203s] -- Installing: /home/varad/roslab_ese/install/tutorial_interfaces/include/tutorial_interfaces/msg/detail/sphere__struct.hpp
[4.203s] -- Installing: /home/varad/roslab_ese/install/tutorial_interfaces/include/tutorial_interfaces/msg/detail/sphere__traits.hpp
[4.203s] -- Installing: /home/varad/roslab_ese/install/tutorial_interfaces/include/tutorial_interfaces/msg/detail/sphere__type_support.hpp
[4.203s] -- Installing: /home/varad/roslab_ese/install/tutorial_interfaces/include/tutorial_interfaces/msg/detail/num__builder.hpp
[4.203s] -- Installing: /home/varad/roslab_ese/install/tutorial_interfaces/include/tutorial_interfaces/msg/detail/sphere__builder.hpp
[4.204s] -- Installing: /home/varad/roslab_ese/install/tutorial_interfaces/include/tutorial_interfaces/msg/detail/num__traits.hpp
[4.204s] -- Installing: /home/varad/roslab_ese/install/tutorial_interfaces/include/tutorial_interfaces/msg/num.hpp
[4.204s] -- Up-to-date: /home/varad/roslab_ese/install/tutorial_interfaces/include/tutorial_interfaces
[4.204s] -- Up-to-date: /home/varad/roslab_ese/install/tutorial_interfaces/include/tutorial_interfaces/srv
[4.204s] -- Up-to-date: /home/varad/roslab_ese/install/tutorial_interfaces/include/tutorial_interfaces/srv/detail
[4.204s] -- Installing: /home/varad/roslab_ese/install/tutorial_interfaces/include/tutorial_interfaces/srv/detail/add_three_ints__type_support.cpp
[4.204s] -- Installing: /home/varad/roslab_ese/install/tutorial_interfaces/include/tutorial_interfaces/srv/detail/add_three_ints__rosidl_typesupport_introspection_cpp.hpp
[4.204s] -- Installing: /home/varad/roslab_ese/install/tutorial_interfaces/include/tutorial_interfaces/srv/detail/set_velocity_turtle__rosidl_typesupport_introspection_cpp.hpp
[4.204s] -- Installing: /home/varad/roslab_ese/install/tutorial_interfaces/include/tutorial_interfaces/srv/detail/set_velocity_turtle__type_support.cpp
[4.204s] -- Up-to-date: /home/varad/roslab_ese/install/tutorial_interfaces/include/tutorial_interfaces/msg
[4.204s] -- Up-to-date: /home/varad/roslab_ese/install/tutorial_interfaces/include/tutorial_interfaces/msg/detail
[4.204s] -- Installing: /home/varad/roslab_ese/install/tutorial_interfaces/include/tutorial_interfaces/msg/detail/sphere__type_support.cpp
[4.205s] -- Installing: /home/varad/roslab_ese/install/tutorial_interfaces/include/tutorial_interfaces/msg/detail/num__rosidl_typesupport_introspection_cpp.hpp
[4.205s] -- Installing: /home/varad/roslab_ese/install/tutorial_interfaces/include/tutorial_interfaces/msg/detail/sphere__rosidl_typesupport_introspection_cpp.hpp
[4.205s] -- Installing: /home/varad/roslab_ese/install/tutorial_interfaces/include/tutorial_interfaces/msg/detail/num__type_support.cpp
[4.205s] -- Installing: /home/varad/roslab_ese/install/tutorial_interfaces/lib/libtutorial_interfaces__rosidl_typesupport_introspection_cpp.so
[4.205s] -- Set runtime path of "/home/varad/roslab_ese/install/tutorial_interfaces/lib/libtutorial_interfaces__rosidl_typesupport_introspection_cpp.so" to ""
[4.205s] -- Installing: /home/varad/roslab_ese/install/tutorial_interfaces/lib/libtutorial_interfaces__rosidl_typesupport_cpp.so
[4.205s] -- Set runtime path of "/home/varad/roslab_ese/install/tutorial_interfaces/lib/libtutorial_interfaces__rosidl_typesupport_cpp.so" to ""
[4.205s] -- Installing: /home/varad/roslab_ese/install/tutorial_interfaces/share/tutorial_interfaces/environment/pythonpath.sh
[4.205s] -- Installing: /home/varad/roslab_ese/install/tutorial_interfaces/share/tutorial_interfaces/environment/pythonpath.dsv
[4.205s] -- Installing: /home/varad/roslab_ese/install/tutorial_interfaces/lib/python3.8/site-packages/tutorial_interfaces/__init__.py
[4.221s] Compiling '/home/varad/roslab_ese/install/tutorial_interfaces/lib/python3.8/site-packages/tutorial_interfaces/__init__.py'...
[4.224s] -- Installing: /home/varad/roslab_ese/install/tutorial_interfaces/lib/python3.8/site-packages/tutorial_interfaces/msg
[4.224s] -- Installing: /home/varad/roslab_ese/install/tutorial_interfaces/lib/python3.8/site-packages/tutorial_interfaces/msg/_num.py
[4.224s] -- Installing: /home/varad/roslab_ese/install/tutorial_interfaces/lib/python3.8/site-packages/tutorial_interfaces/msg/_sphere.py
[4.224s] -- Installing: /home/varad/roslab_ese/install/tutorial_interfaces/lib/python3.8/site-packages/tutorial_interfaces/msg/__init__.py
[4.224s] -- Installing: /home/varad/roslab_ese/install/tutorial_interfaces/lib/python3.8/site-packages/tutorial_interfaces/msg/_num_s.c
[4.224s] -- Installing: /home/varad/roslab_ese/install/tutorial_interfaces/lib/python3.8/site-packages/tutorial_interfaces/msg/_sphere_s.c
[4.225s] -- Installing: /home/varad/roslab_ese/install/tutorial_interfaces/lib/python3.8/site-packages/tutorial_interfaces/srv
[4.225s] -- Installing: /home/varad/roslab_ese/install/tutorial_interfaces/lib/python3.8/site-packages/tutorial_interfaces/srv/_set_velocity_turtle.py
[4.225s] -- Installing: /home/varad/roslab_ese/install/tutorial_interfaces/lib/python3.8/site-packages/tutorial_interfaces/srv/_set_velocity_turtle_s.c
[4.225s] -- Installing: /home/varad/roslab_ese/install/tutorial_interfaces/lib/python3.8/site-packages/tutorial_interfaces/srv/_add_three_ints.py
[4.225s] -- Installing: /home/varad/roslab_ese/install/tutorial_interfaces/lib/python3.8/site-packages/tutorial_interfaces/srv/__init__.py
[4.225s] -- Installing: /home/varad/roslab_ese/install/tutorial_interfaces/lib/python3.8/site-packages/tutorial_interfaces/srv/_add_three_ints_s.c
[4.225s] -- Installing: /home/varad/roslab_ese/install/tutorial_interfaces/lib/python3.8/site-packages/tutorial_interfaces/tutorial_interfaces_s__rosidl_typesupport_fastrtps_c.cpython-38-x86_64-linux-gnu.so
[4.226s] -- Set runtime path of "/home/varad/roslab_ese/install/tutorial_interfaces/lib/python3.8/site-packages/tutorial_interfaces/tutorial_interfaces_s__rosidl_typesupport_fastrtps_c.cpython-38-x86_64-linux-gnu.so" to ""
[4.226s] -- Installing: /home/varad/roslab_ese/install/tutorial_interfaces/lib/python3.8/site-packages/tutorial_interfaces/tutorial_interfaces_s__rosidl_typesupport_introspection_c.cpython-38-x86_64-linux-gnu.so
[4.226s] -- Set runtime path of "/home/varad/roslab_ese/install/tutorial_interfaces/lib/python3.8/site-packages/tutorial_interfaces/tutorial_interfaces_s__rosidl_typesupport_introspection_c.cpython-38-x86_64-linux-gnu.so" to ""
[4.226s] -- Installing: /home/varad/roslab_ese/install/tutorial_interfaces/lib/python3.8/site-packages/tutorial_interfaces/tutorial_interfaces_s__rosidl_typesupport_c.cpython-38-x86_64-linux-gnu.so
[4.227s] -- Set runtime path of "/home/varad/roslab_ese/install/tutorial_interfaces/lib/python3.8/site-packages/tutorial_interfaces/tutorial_interfaces_s__rosidl_typesupport_c.cpython-38-x86_64-linux-gnu.so" to ""
[4.227s] -- Installing: /home/varad/roslab_ese/install/tutorial_interfaces/lib/libtutorial_interfaces__python.so
[4.227s] -- Set runtime path of "/home/varad/roslab_ese/install/tutorial_interfaces/lib/libtutorial_interfaces__python.so" to ""
[4.227s] -- Installing: /home/varad/roslab_ese/install/tutorial_interfaces/share/tutorial_interfaces/msg/Num.idl
[4.227s] -- Installing: /home/varad/roslab_ese/install/tutorial_interfaces/share/tutorial_interfaces/msg/Sphere.idl
[4.227s] -- Installing: /home/varad/roslab_ese/install/tutorial_interfaces/share/tutorial_interfaces/srv/AddThreeInts.idl
[4.228s] -- Installing: /home/varad/roslab_ese/install/tutorial_interfaces/share/tutorial_interfaces/srv/SetVelocityTurtle.idl
[4.228s] -- Installing: /home/varad/roslab_ese/install/tutorial_interfaces/share/tutorial_interfaces/msg/Num.msg
[4.228s] -- Installing: /home/varad/roslab_ese/install/tutorial_interfaces/share/tutorial_interfaces/msg/Sphere.msg
[4.228s] -- Installing: /home/varad/roslab_ese/install/tutorial_interfaces/share/tutorial_interfaces/srv/AddThreeInts.srv
[4.228s] -- Installing: /home/varad/roslab_ese/install/tutorial_interfaces/share/tutorial_interfaces/srv/AddThreeInts_Request.msg
[4.228s] -- Installing: /home/varad/roslab_ese/install/tutorial_interfaces/share/tutorial_interfaces/srv/AddThreeInts_Response.msg
[4.228s] -- Installing: /home/varad/roslab_ese/install/tutorial_interfaces/share/tutorial_interfaces/srv/SetVelocityTurtle.srv
[4.229s] -- Installing: /home/varad/roslab_ese/install/tutorial_interfaces/share/tutorial_interfaces/srv/SetVelocityTurtle_Request.msg
[4.229s] -- Installing: /home/varad/roslab_ese/install/tutorial_interfaces/share/tutorial_interfaces/srv/SetVelocityTurtle_Response.msg
[4.229s] -- Installing: /home/varad/roslab_ese/install/tutorial_interfaces/share/ament_index/resource_index/package_run_dependencies/tutorial_interfaces
[4.229s] -- Installing: /home/varad/roslab_ese/install/tutorial_interfaces/share/ament_index/resource_index/parent_prefix_path/tutorial_interfaces
[4.229s] -- Installing: /home/varad/roslab_ese/install/tutorial_interfaces/share/tutorial_interfaces/environment/ament_prefix_path.sh
[4.229s] -- Installing: /home/varad/roslab_ese/install/tutorial_interfaces/share/tutorial_interfaces/environment/ament_prefix_path.dsv
[4.229s] -- Installing: /home/varad/roslab_ese/install/tutorial_interfaces/share/tutorial_interfaces/environment/path.sh
[4.229s] -- Installing: /home/varad/roslab_ese/install/tutorial_interfaces/share/tutorial_interfaces/environment/path.dsv
[4.229s] -- Installing: /home/varad/roslab_ese/install/tutorial_interfaces/share/tutorial_interfaces/local_setup.bash
[4.229s] -- Installing: /home/varad/roslab_ese/install/tutorial_interfaces/share/tutorial_interfaces/local_setup.sh
[4.230s] -- Installing: /home/varad/roslab_ese/install/tutorial_interfaces/share/tutorial_interfaces/local_setup.zsh
[4.230s] -- Installing: /home/varad/roslab_ese/install/tutorial_interfaces/share/tutorial_interfaces/local_setup.dsv
[4.230s] -- Installing: /home/varad/roslab_ese/install/tutorial_interfaces/share/tutorial_interfaces/package.dsv
[4.230s] -- Installing: /home/varad/roslab_ese/install/tutorial_interfaces/share/ament_index/resource_index/packages/tutorial_interfaces
[4.230s] -- Installing: /home/varad/roslab_ese/install/tutorial_interfaces/share/tutorial_interfaces/cmake/tutorial_interfaces__rosidl_generator_cExport.cmake
[4.230s] -- Installing: /home/varad/roslab_ese/install/tutorial_interfaces/share/tutorial_interfaces/cmake/tutorial_interfaces__rosidl_generator_cExport-noconfig.cmake
[4.230s] -- Installing: /home/varad/roslab_ese/install/tutorial_interfaces/share/tutorial_interfaces/cmake/tutorial_interfaces__rosidl_typesupport_introspection_cExport.cmake
[4.230s] -- Installing: /home/varad/roslab_ese/install/tutorial_interfaces/share/tutorial_interfaces/cmake/tutorial_interfaces__rosidl_typesupport_introspection_cExport-noconfig.cmake
[4.230s] -- Installing: /home/varad/roslab_ese/install/tutorial_interfaces/share/tutorial_interfaces/cmake/tutorial_interfaces__rosidl_typesupport_cExport.cmake
[4.231s] -- Installing: /home/varad/roslab_ese/install/tutorial_interfaces/share/tutorial_interfaces/cmake/tutorial_interfaces__rosidl_typesupport_cExport-noconfig.cmake
[4.231s] -- Installing: /home/varad/roslab_ese/install/tutorial_interfaces/share/tutorial_interfaces/cmake/tutorial_interfaces__rosidl_generator_cppExport.cmake
[4.231s] -- Installing: /home/varad/roslab_ese/install/tutorial_interfaces/share/tutorial_interfaces/cmake/tutorial_interfaces__rosidl_typesupport_introspection_cppExport.cmake
[4.232s] -- Installing: /home/varad/roslab_ese/install/tutorial_interfaces/share/tutorial_interfaces/cmake/tutorial_interfaces__rosidl_typesupport_introspection_cppExport-noconfig.cmake
[4.232s] -- Installing: /home/varad/roslab_ese/install/tutorial_interfaces/share/tutorial_interfaces/cmake/tutorial_interfaces__rosidl_typesupport_cppExport.cmake
[4.232s] -- Installing: /home/varad/roslab_ese/install/tutorial_interfaces/share/tutorial_interfaces/cmake/tutorial_interfaces__rosidl_typesupport_cppExport-noconfig.cmake
[4.232s] -- Installing: /home/varad/roslab_ese/install/tutorial_interfaces/share/tutorial_interfaces/cmake/rosidl_cmake-extras.cmake
[4.233s] -- Installing: /home/varad/roslab_ese/install/tutorial_interfaces/share/tutorial_interfaces/cmake/ament_cmake_export_dependencies-extras.cmake
[4.233s] -- Installing: /home/varad/roslab_ese/install/tutorial_interfaces/share/tutorial_interfaces/cmake/ament_cmake_export_libraries-extras.cmake
[4.233s] -- Installing: /home/varad/roslab_ese/install/tutorial_interfaces/share/tutorial_interfaces/cmake/ament_cmake_export_targets-extras.cmake
[4.233s] -- Installing: /home/varad/roslab_ese/install/tutorial_interfaces/share/tutorial_interfaces/cmake/ament_cmake_export_include_directories-extras.cmake
[4.233s] -- Installing: /home/varad/roslab_ese/install/tutorial_interfaces/share/tutorial_interfaces/cmake/rosidl_cmake_export_typesupport_libraries-extras.cmake
[4.233s] -- Installing: /home/varad/roslab_ese/install/tutorial_interfaces/share/tutorial_interfaces/cmake/rosidl_cmake_export_typesupport_targets-extras.cmake
[4.234s] -- Installing: /home/varad/roslab_ese/install/tutorial_interfaces/share/tutorial_interfaces/cmake/tutorial_interfacesConfig.cmake
[4.234s] -- Installing: /home/varad/roslab_ese/install/tutorial_interfaces/share/tutorial_interfaces/cmake/tutorial_interfacesConfig-version.cmake
[4.234s] -- Installing: /home/varad/roslab_ese/install/tutorial_interfaces/share/tutorial_interfaces/package.xml
[4.236s] Invoked command in '/home/varad/roslab_ese/build/tutorial_interfaces' returned '0': CMAKE_PREFIX_PATH=${CMAKE_PREFIX_PATH}:/home/varad/roslab_ese/install/turtle_border:/home/varad/roslab_ese/install/custom_msg_p_s:/home/varad/ros2_ws_varad/install/varad_task1:/home/varad/ros2_ws_varad/install/publisher_pkg:/home/varad/ros2_ws_varad/install/custom_service_msg:/home/varad/ros2_ws_varad/install/setpen_service:/home/varad/ros2_ws_varad/install/roslab:/home/varad/ros2_ws_varad/install/exp3:/home/varad/ros2_ws_varad/install/custom_pubsub:/home/varad/ros2_ws_varad/install/client_pkg:/home/varad/ros2_ws_varad/install/action_fibonacci:/opt/ros/foxy /usr/bin/cmake --install /home/varad/roslab_ese/build/tutorial_interfaces
